<?xml version="1.0" encoding="UTF-8"?>
<!-- Generated by org.testng.reporters.JUnitXMLReporter -->
<testsuite ignored="0" hostname="DESKTOP-88UM264" failures="0" tests="4" name="Default test" time="0.185" errors="0" timestamp="2022-04-26T13:47:17 IST">
  <testcase classname="com.webservice.DataProviderDemoTest" name="test" time="0.012"/>
  <testcase classname="com.webservice.DataProviderDemoTest" name="test" time="0.002"/>
  <testcase classname="com.webservice.DataProviderDemoTest" name="test" time="0.002"/>
  <testcase classname="com.webservice.DataProviderDemoTest" name="test" time="0.001"/>
</testsuite> <!-- Default test -->
