<?xml version="1.0" encoding="UTF-8"?>
<!-- Generated by org.testng.reporters.JUnitXMLReporter -->
<testsuite ignored="3" hostname="DESKTOP-88UM264" failures="0" tests="3" name="Regression" time="0.082" errors="0" timestamp="2022-04-25T19:27:17 IST">
  <testcase classname="com.webservice.GroupDemoTest" name="bTest3" time="0.015"/>
  <testcase classname="com.webservice.GroupDemoTest" name="aTest1" time="0.002"/>
  <testcase classname="com.webservice.GroupDemoTest" name="bTest2" time="0.003"/>
  <testcase classname="com.webservice.LoginTest" name="loginTest" time="0.0">
    <ignored/>
  </testcase> <!-- loginTest -->
  <testcase classname="com.webservice.LoginTest" name="LogoutTest" time="0.0">
    <ignored/>
  </testcase> <!-- LogoutTest -->
  <testcase classname="com.webservice.GroupDemoTest" name="bTest4" time="0.0">
    <ignored/>
  </testcase> <!-- bTest4 -->
</testsuite> <!-- Regression -->
