<?xml version="1.0" encoding="UTF-8"?>
<!-- Generated by org.testng.reporters.JUnitXMLReporter -->
<testsuite ignored="1" hostname="DESKTOP-88UM264" failures="0" tests="3" name="GRP-regression" time="0.086" errors="0" timestamp="2022-04-25T20:15:37 IST">
  <testcase classname="com.webservice.GroupDemoTest" name="bTest3" time="0.008"/>
  <testcase classname="com.webservice.GroupDemoTest" name="aTest1" time="0.002"/>
  <testcase classname="com.webservice.GroupDemoTest" name="bTest2" time="0.005"/>
  <testcase classname="com.webservice.GroupDemoTest" name="bTest4" time="0.0">
    <ignored/>
  </testcase> <!-- bTest4 -->
</testsuite> <!-- GRP-regression -->
