<?xml version="1.0" encoding="UTF-8"?>
<!-- Generated by org.testng.reporters.JUnitXMLReporter -->
<testsuite ignored="2" hostname="DESKTOP-88UM264" failures="0" tests="2" name="GRP-sanity" time="0.071" errors="0" timestamp="2022-04-25T17:31:19 IST">
  <testcase classname="com.webservice.GroupDemoTest" name="bTest3" time="0.013"/>
  <testcase classname="com.webservice.GroupDemoTest" name="bTest4" time="0.002"/>
  <testcase classname="com.webservice.GroupDemoTest" name="bTest2" time="0.0">
    <ignored/>
  </testcase> <!-- bTest2 -->
  <testcase classname="com.webservice.GroupDemoTest" name="aTest1" time="0.0">
    <ignored/>
  </testcase> <!-- aTest1 -->
</testsuite> <!-- GRP-sanity -->
