<?xml version="1.0" encoding="UTF-8"?>
<!-- Generated by org.testng.reporters.JUnitXMLReporter -->
<testsuite ignored="0" hostname="DESKTOP-88UM264" failures="0" tests="4" name="GRP-user-registrtion" time="0.354" errors="0" timestamp="2022-04-25T17:35:28 IST">
  <testcase classname="com.webservice.GroupDemoTest" name="bTest3" time="0.047"/>
  <testcase classname="com.webservice.GroupDemoTest" name="bTest4" time="0.001"/>
  <testcase classname="com.webservice.GroupDemoTest" name="aTest1" time="0.004"/>
  <testcase classname="com.webservice.GroupDemoTest" name="bTest2" time="0.003"/>
</testsuite> <!-- GRP-user-registrtion -->
