<?xml version="1.0" encoding="UTF-8"?>
<!-- Generated by org.testng.reporters.JUnitXMLReporter -->
<testsuite ignored="0" hostname="DESKTOP-88UM264" failures="0" tests="4" name="Test Before suite After Suite" time="0.024" errors="0" timestamp="2022-04-25T21:47:33 IST">
  <testcase classname="com.webservice.GroupDemoTest2" name="bTest3" time="0.002"/>
  <testcase classname="com.webservice.GroupDemoTest2" name="bTest4" time="0.001"/>
  <testcase classname="com.webservice.GroupDemoTest2" name="aTest1" time="0.002"/>
  <testcase classname="com.webservice.GroupDemoTest2" name="bTest2" time="0.002"/>
</testsuite> <!-- Test Before suite After Suite -->
